<?xml version="1.0" encoding="UTF-8"?>
<testsuite xmlns:xsi="http://www.w3.org/2001/XMLSchema-instance" xsi:noNamespaceSchemaLocation="https://maven.apache.org/surefire/maven-surefire-plugin/xsd/surefire-test-report-3.0.xsd" version="3.0" name="edu.gorilas.YatzyTest" time="0.244" tests="15" errors="0" skipped="0" failures="0">
  <properties>
    <property name="java.specification.version" value="21"/>
    <property name="sun.cpu.isalist" value="amd64"/>
    <property name="sun.jnu.encoding" value="Cp1252"/>
    <property name="java.class.path" value="C:\Users\kinma\Desktop\workspace\01-DUAL DAW\yatzi\target\test-classes;C:\Users\kinma\Desktop\workspace\01-DUAL DAW\yatzi\target\classes;C:\Users\kinma\.m2\repository\org\junit\jupiter\junit-jupiter-api\5.9.3\junit-jupiter-api-5.9.3.jar;C:\Users\kinma\.m2\repository\org\opentest4j\opentest4j\1.2.0\opentest4j-1.2.0.jar;C:\Users\kinma\.m2\repository\org\junit\platform\junit-platform-commons\1.9.3\junit-platform-commons-1.9.3.jar;C:\Users\kinma\.m2\repository\org\apiguardian\apiguardian-api\1.1.2\apiguardian-api-1.1.2.jar;C:\Users\kinma\.m2\repository\org\junit\jupiter\junit-jupiter-params\5.9.3\junit-jupiter-params-5.9.3.jar;"/>
    <property name="java.vm.vendor" value="Oracle Corporation"/>
    <property name="sun.arch.data.model" value="64"/>
    <property name="user.variant" value=""/>
    <property name="java.vendor.url" value="https://java.oracle.com/"/>
    <property name="user.timezone" value="Europe/Madrid"/>
    <property name="os.name" value="Windows 10"/>
    <property name="java.vm.specification.version" value="21"/>
    <property name="sun.java.launcher" value="SUN_STANDARD"/>
    <property name="user.country" value="ES"/>
    <property name="sun.boot.library.path" value="C:\Program Files\Java\jdk-21\bin"/>
    <property name="sun.java.command" value="C:\Users\kinma\AppData\Local\Temp\surefire13681789369447657700\surefirebooter694805264571265540.jar C:\Users\kinma\AppData\Local\Temp\surefire13681789369447657700 2023-12-15T12-52-04_196-jvmRun1 surefire16904006591373774023tmp surefire_08627688018357701119tmp"/>
    <property name="jdk.debug" value="release"/>
    <property name="surefire.test.class.path" value="C:\Users\kinma\Desktop\workspace\01-DUAL DAW\yatzi\target\test-classes;C:\Users\kinma\Desktop\workspace\01-DUAL DAW\yatzi\target\classes;C:\Users\kinma\.m2\repository\org\junit\jupiter\junit-jupiter-api\5.9.3\junit-jupiter-api-5.9.3.jar;C:\Users\kinma\.m2\repository\org\opentest4j\opentest4j\1.2.0\opentest4j-1.2.0.jar;C:\Users\kinma\.m2\repository\org\junit\platform\junit-platform-commons\1.9.3\junit-platform-commons-1.9.3.jar;C:\Users\kinma\.m2\repository\org\apiguardian\apiguardian-api\1.1.2\apiguardian-api-1.1.2.jar;C:\Users\kinma\.m2\repository\org\junit\jupiter\junit-jupiter-params\5.9.3\junit-jupiter-params-5.9.3.jar;"/>
    <property name="sun.cpu.endian" value="little"/>
    <property name="user.home" value="C:\Users\kinma"/>
    <property name="user.language" value="es"/>
    <property name="java.specification.vendor" value="Oracle Corporation"/>
    <property name="java.version.date" value="2023-09-19"/>
    <property name="java.home" value="C:\Program Files\Java\jdk-21"/>
    <property name="file.separator" value="\"/>
    <property name="basedir" value="C:\Users\kinma\Desktop\workspace\01-DUAL DAW\yatzi"/>
    <property name="java.vm.compressedOopsMode" value="32-bit"/>
    <property name="line.separator" value="&#10;"/>
    <property name="java.vm.specification.vendor" value="Oracle Corporation"/>
    <property name="java.specification.name" value="Java Platform API Specification"/>
    <property name="surefire.real.class.path" value="C:\Users\kinma\AppData\Local\Temp\surefire13681789369447657700\surefirebooter694805264571265540.jar"/>
    <property name="user.script" value=""/>
    <property name="sun.management.compiler" value="HotSpot 64-Bit Tiered Compilers"/>
    <property name="java.runtime.version" value="21+35-LTS-2513"/>
    <property name="user.name" value="Joaquin Lafuente"/>
    <property name="stdout.encoding" value="Cp1252"/>
    <property name="path.separator" value=";"/>
    <property name="os.version" value="10.0"/>
    <property name="java.runtime.name" value="Java(TM) SE Runtime Environment"/>
    <property name="file.encoding" value="UTF-8"/>
    <property name="java.vm.name" value="Java HotSpot(TM) 64-Bit Server VM"/>
    <property name="localRepository" value="C:\Users\kinma\.m2\repository"/>
    <property name="java.vendor.url.bug" value="https://bugreport.java.com/bugreport/"/>
    <property name="java.io.tmpdir" value="C:\Users\kinma\AppData\Local\Temp\"/>
    <property name="java.version" value="21"/>
    <property name="user.dir" value="C:\Users\kinma\Desktop\workspace\01-DUAL DAW\yatzi"/>
    <property name="os.arch" value="amd64"/>
    <property name="java.vm.specification.name" value="Java Virtual Machine Specification"/>
    <property name="sun.os.patch.level" value=""/>
    <property name="native.encoding" value="Cp1252"/>
    <property name="java.library.path" value="C:\Program Files\Java\jdk-21\bin;C:\Windows\Sun\Java\bin;C:\Windows\system32;C:\Windows;C:\Program Files\WindowsApps\Microsoft.PowerShell_7.4.0.0_x64__8wekyb3d8bbwe;C:\Program Files\Common Files\Oracle\Java\javapath;C:\Windows\system32;C:\Windows;C:\Windows\System32\Wbem;C:\Windows\System32\WindowsPowerShell\v1.0\;C:\Windows\System32\OpenSSH\;C:\Program Files\nodejs\;C:\Program Files\Calibre2\;C:\xampp\php;C:\Program Files\Git\cmd;C:\Program Files\apache-maven-3.9.6\bin;C:\Users\kinma\AppData\Local\Microsoft\WindowsApps;C:\Users\kinma\AppData\Roaming\npm;C:\Users\kinma\AppData\Local\Programs\Microsoft VS Code\bin;C:\Users\kinma\AppData\Local\GitHubDesktop\bin;."/>
    <property name="java.vm.info" value="mixed mode, sharing"/>
    <property name="stderr.encoding" value="Cp1252"/>
    <property name="java.vendor" value="Oracle Corporation"/>
    <property name="java.vm.version" value="21+35-LTS-2513"/>
    <property name="sun.io.unicode.encoding" value="UnicodeLittle"/>
    <property name="java.class.version" value="65.0"/>
  </properties>
  <testcase name="chance_scores_sum_of_all_dice" classname="edu.gorilas.YatzyTest" time="0.131"/>
  <testcase name="fullHouse" classname="edu.gorilas.YatzyTest" time="0.004"/>
  <testcase name="test_1s" classname="edu.gorilas.YatzyTest" time="0.005"/>
  <testcase name="test_2s" classname="edu.gorilas.YatzyTest" time="0.002"/>
  <testcase name="smallStraight" classname="edu.gorilas.YatzyTest" time="0.001"/>
  <testcase name="sixes_test" classname="edu.gorilas.YatzyTest" time="0.002"/>
  <testcase name="test_threes" classname="edu.gorilas.YatzyTest" time="0.002"/>
  <testcase name="four_of_a_knd" classname="edu.gorilas.YatzyTest" time="0.002"/>
  <testcase name="fives" classname="edu.gorilas.YatzyTest" time="0.001"/>
  <testcase name="largeStraight" classname="edu.gorilas.YatzyTest" time="0.004"/>
  <testcase name="three_of_a_kind" classname="edu.gorilas.YatzyTest" time="0.002"/>
  <testcase name="yatzy_scores_50" classname="edu.gorilas.YatzyTest" time="0.001"/>
  <testcase name="two_Pair" classname="edu.gorilas.YatzyTest" time="0.001"/>
  <testcase name="fours_test" classname="edu.gorilas.YatzyTest" time="0.002"/>
  <testcase name="one_pair" classname="edu.gorilas.YatzyTest" time="0.003"/>
</testsuite>